<?xml version="1.0" encoding="UTF-8"?>
<testsuite name="TestSuite" time="8.406" tests="7" errors="0" skipped="0" failures="0">
  <properties>
    <property name="JOB_NAME" value="inetBanking_Github"/>
    <property name="java.vendor" value="Oracle Corporation"/>
    <property name="sun.java.launcher" value="SUN_STANDARD"/>
    <property name="RUN_TESTS_DISPLAY_URL" value="http://localhost:8080/job/inetBanking_Github/2/display/redirect?page=tests"/>
    <property name="NUMBER_OF_PROCESSORS" value="12"/>
    <property name="sun.management.compiler" value="HotSpot 64-Bit Tiered Compilers"/>
    <property name="JENKINS_HOME" value="C:\Users\samsu\.jenkins"/>
    <property name="FPS_BROWSER_USER_PROFILE_STRING" value="Default"/>
    <property name="HUDSON_SERVER_COOKIE" value="de987474481be160"/>
    <property name="AMDRMSDKPATH" value="C:\Program Files\AMD\RyzenMasterSDK\"/>
    <property name="os.name" value="Windows 11"/>
    <property name="RegionCode" value="APJ"/>
    <property name="EXECUTOR_NUMBER" value="1"/>
    <property name="sun.desktop" value="windows"/>
    <property name="PATHEXT" value=".COM;.EXE;.BAT;.CMD;.VBS;.VBE;.JS;.JSE;.WSF;.WSH;.MSC"/>
    <property name="java.vm.specification.vendor" value="Oracle Corporation"/>
    <property name="TEMP" value="C:\Users\samsu\AppData\Local\Temp"/>
    <property name="NODE_LABELS" value="built-in"/>
    <property name="java.runtime.version" value="11.0.15.1+2-LTS-10"/>
    <property name="FPS_BROWSER_APP_PROFILE_STRING" value="Internet Explorer"/>
    <property name="user.name" value="samsu"/>
    <property name="guice.disable.misplaced.annotation.check" value="true"/>
    <property name="CommonProgramW6432" value="C:\Program Files\Common Files"/>
    <property name="ProgramFiles" value="C:\Program Files"/>
    <property name="OnlineServices" value="Online Services"/>
    <property name="PROMPT" value="$P$G"/>
    <property name="user.language" value="en"/>
    <property name="JOB_BASE_NAME" value="inetBanking_Github"/>
    <property name="RUN_CHANGES_DISPLAY_URL" value="http://localhost:8080/job/inetBanking_Github/2/display/redirect?page=changes"/>
    <property name="BUILD_DISPLAY_NAME" value="#2"/>
    <property name="OneDrive" value="C:\Users\samsu\OneDrive"/>
    <property name="sun.boot.library.path" value="C:\Program Files\Java\jdk-11.0.15.1\bin"/>
    <property name="java.vm.compressedOopsMode" value="32-bit"/>
    <property name="LOCALAPPDATA" value="C:\Users\samsu\AppData\Local"/>
    <property name="java.version" value="11.0.15.1"/>
    <property name="user.timezone" value="Asia/Calcutta"/>
    <property name="PROCESSOR_LEVEL" value="25"/>
    <property name="USERNAME" value="samsu"/>
    <property name="sun.arch.data.model" value="64"/>
    <property name="NODE_NAME" value="built-in"/>
    <property name="BUILD_ID" value="2"/>
    <property name="sun.cpu.isalist" value="amd64"/>
    <property name="sun.jnu.encoding" value="Cp1252"/>
    <property name="maven.conf" value="C:\Users\samsu\.jenkins\tools\hudson.tasks.Maven_MavenInstallation\Maven3\conf"/>
    <property name="HOMEDRIVE" value="C:"/>
    <property name="file.separator" value="\"/>
    <property name="java.specification.name" value="Java Platform API Specification"/>
    <property name="java.class.version" value="55.0"/>
    <property name="=::" value="::\"/>
    <property name="org.slf4j.simpleLogger.defaultLogLevel" value="info"/>
    <property name="user.country" value="IN"/>
    <property name="ALLUSERSPROFILE" value="C:\ProgramData"/>
    <property name="java.home" value="C:\Program Files\Java\jdk-11.0.15.1"/>
    <property name="java.vm.info" value="mixed mode"/>
    <property name="os.version" value="10.0"/>
    <property name="platformcode" value="KV"/>
    <property name="RUN_DISPLAY_URL" value="http://localhost:8080/job/inetBanking_Github/2/display/redirect"/>
    <property name="TMP" value="C:\Users\samsu\AppData\Local\Temp"/>
    <property name="path.separator" value=";"/>
    <property name="RUN_ARTIFACTS_DISPLAY_URL" value="http://localhost:8080/job/inetBanking_Github/2/display/redirect?page=artifacts"/>
    <property name="java.vm.version" value="11.0.15.1+2-LTS-10"/>
    <property name="user.variant" value=""/>
    <property name="CommonProgramFiles(x86)" value="C:\Program Files (x86)\Common Files"/>
    <property name="JOB_DISPLAY_URL" value="http://localhost:8080/job/inetBanking_Github/display/redirect"/>
    <property name="USERDOMAIN_ROAMINGPROFILE" value="ALAMFALEELA"/>
    <property name="java.awt.printerjob" value="sun.awt.windows.WPrinterJob"/>
    <property name="CommonProgramFiles" value="C:\Program Files\Common Files"/>
    <property name="sun.io.unicode.encoding" value="UnicodeLittle"/>
    <property name="JAVA_HOME" value="C:\Program Files\Java\jdk-11.0.15.1\"/>
    <property name="ComSpec" value="C:\windows\system32\cmd.exe"/>
    <property name="HOMEPATH" value="\Users\samsu"/>
    <property name="awt.toolkit" value="sun.awt.windows.WToolkit"/>
    <property name="COMPUTERNAME" value="ALAMFALEELA"/>
    <property name="user.script" value=""/>
    <property name="user.home" value="C:\Users\samsu"/>
    <property name="PUBLIC" value="C:\Users\Public"/>
    <property name="BUILD_TAG" value="jenkins-inetBanking_Github-2"/>
    <property name="JENKINS_SERVER_COOKIE" value="de987474481be160"/>
    <property name="HUDSON_URL" value="http://localhost:8080/"/>
    <property name="ProgramData" value="C:\ProgramData"/>
    <property name="java.version.date" value="2022-04-22"/>
    <property name="java.specification.vendor" value="Oracle Corporation"/>
    <property name="USERPROFILE" value="C:\Users\samsu"/>
    <property name="CLASSPATH" value=""/>
    <property name="java.library.path" value="C:\Program Files\Java\jdk-11.0.15.1\bin;C:\windows\Sun\Java\bin;C:\windows\system32;C:\windows;C:\Users\samsu\.jenkins\tools\hudson.tasks.Maven_MavenInstallation\Maven3/bin;C:\Program Files\Java\jdk-11.0.15.1\/bin;C:\Program Files\Java\jdk-11.0.15.1\/bin;C:\Program Files\Common Files\Oracle\Java\javapath;C:\windows\system32;C:\windows;C:\windows\System32\Wbem;C:\windows\System32\WindowsPowerShell\v1.0\;C:\windows\System32\OpenSSH\;C:\Program Files (x86)\NVIDIA Corporation\PhysX\Common;C:\Program Files\NVIDIA Corporation\NVIDIA NvDLISR;C:\Program Files\Java\jdk-11.0.15.1\bin;C:\apache-maven-3.8.5\bin;C:\Users\samsu\AppData\Local\Microsoft\WindowsApps;;."/>
    <property name="java.vendor.url" value="https://openjdk.java.net/"/>
    <property name="java.vm.vendor" value="Oracle Corporation"/>
    <property name="APPDATA" value="C:\Users\samsu\AppData\Roaming"/>
    <property name="java.runtime.name" value="Java(TM) SE Runtime Environment"/>
    <property name="maven.home" value="C:\Users\samsu\.jenkins\tools\hudson.tasks.Maven_MavenInstallation\Maven3"/>
    <property name="java.class.path" value="C:\Users\samsu\.jenkins\plugins\maven-plugin\WEB-INF\lib\maven35-agent-1.13.jar;C:\Users\samsu\.jenkins\tools\hudson.tasks.Maven_MavenInstallation\Maven3\boot\plexus-classworlds-2.6.0.jar;C:\Users\samsu\.jenkins\tools\hudson.tasks.Maven_MavenInstallation\Maven3/conf/logging"/>
    <property name="sun.java.command" value="jenkins.maven3.agent.Maven35Main C:\Users\samsu\.jenkins\tools\hudson.tasks.Maven_MavenInstallation\Maven3 C:\Users\samsu\.jenkins\war\WEB-INF\lib\remoting-4.13.jar C:\Users\samsu\.jenkins\plugins\maven-plugin\WEB-INF\lib\maven35-interceptor-1.13.jar C:\Users\samsu\.jenkins\plugins\maven-plugin\WEB-INF\lib\maven3-interceptor-commons-1.13.jar 58809"/>
    <property name="Path" value="C:\Program Files\Java\jdk-11.0.15.1\/bin;C:\Program Files\Common Files\Oracle\Java\javapath;C:\windows\system32;C:\windows;C:\windows\System32\Wbem;C:\windows\System32\WindowsPowerShell\v1.0\;C:\windows\System32\OpenSSH\;C:\Program Files (x86)\NVIDIA Corporation\PhysX\Common;C:\Program Files\NVIDIA Corporation\NVIDIA NvDLISR;C:\Program Files\Java\jdk-11.0.15.1\bin;C:\apache-maven-3.8.5\bin;C:\Users\samsu\AppData\Local\Microsoft\WindowsApps;"/>
    <property name="jdk.debug" value="release"/>
    <property name="PROCESSOR_ARCHITECTURE" value="AMD64"/>
    <property name="java.vm.specification.name" value="Java Virtual Machine Specification"/>
    <property name="jansi.mode" value="strip"/>
    <property name="PATH+JDK" value="C:\Program Files\Java\jdk-11.0.15.1\/bin"/>
    <property name="SESSIONNAME" value="Console"/>
    <property name="PROCESSOR_IDENTIFIER" value="AMD64 Family 25 Model 80 Stepping 0, AuthenticAMD"/>
    <property name="java.vm.specification.version" value="11"/>
    <property name="M2_HOME" value="C:\Users\samsu\.jenkins\tools\hudson.tasks.Maven_MavenInstallation\Maven3"/>
    <property name="sun.cpu.endian" value="little"/>
    <property name="sun.os.patch.level" value=""/>
    <property name="OS" value="Windows_NT"/>
    <property name="CI" value="true"/>
    <property name="java.io.tmpdir" value="C:\Users\samsu\AppData\Local\Temp\"/>
    <property name="HUDSON_HOME" value="C:\Users\samsu\.jenkins"/>
    <property name="PATH+MAVEN" value="C:\Users\samsu\.jenkins\tools\hudson.tasks.Maven_MavenInstallation\Maven3/bin"/>
    <property name="ProgramFiles(x86)" value="C:\Program Files (x86)"/>
    <property name="java.vendor.url.bug" value="https://bugreport.java.com/bugreport/"/>
    <property name="BUILD_URL" value="http://localhost:8080/job/inetBanking_Github/2/"/>
    <property name="SystemRoot" value="C:\windows"/>
    <property name="os.arch" value="amd64"/>
    <property name="java.awt.graphicsenv" value="sun.awt.Win32GraphicsEnvironment"/>
    <property name="user.dir" value="C:\Users\samsu\eclipse-workspace\inetBankingV1"/>
    <property name="JOB_URL" value="http://localhost:8080/job/inetBanking_Github/"/>
    <property name="LOGONSERVER" value="\\ALAMFALEELA"/>
    <property name="USERDOMAIN" value="ALAMFALEELA"/>
    <property name="MAVEN_HOME" value="C:\Users\samsu\.jenkins\tools\hudson.tasks.Maven_MavenInstallation\Maven3"/>
    <property name="line.separator" value="&#10;"/>
    <property name="java.vm.name" value="Java HotSpot(TM) 64-Bit Server VM"/>
    <property name="BUILD_NUMBER" value="2"/>
    <property name="PROCESSOR_REVISION" value="5000"/>
    <property name="JENKINS_URL" value="http://localhost:8080/"/>
    <property name="GIT_BRANCH" value="origin/master"/>
    <property name="ProgramW6432" value="C:\Program Files"/>
    <property name="windir" value="C:\windows"/>
    <property name="GIT_COMMIT" value="fc529f2db0fcadf340728ee3b43658ef531c45d7"/>
    <property name="=C:" value="C:\Users\samsu\Downloads"/>
    <property name="file.encoding" value="Cp1252"/>
    <property name="SystemDrive" value="C:"/>
    <property name="maven3.interceptor" value="C:\Users\samsu\.jenkins\plugins\maven-plugin\WEB-INF\lib\maven35-interceptor-1.13.jar"/>
    <property name="WORKSPACE_TMP" value="C:\Users\samsu\.jenkins\workspace\inetBanking_Github@tmp"/>
    <property name="WORKSPACE" value="C:\Users\samsu\.jenkins\workspace\inetBanking_Github"/>
    <property name="maven3.interceptor.common" value="C:\Users\samsu\.jenkins\plugins\maven-plugin\WEB-INF\lib\maven3-interceptor-commons-1.13.jar"/>
    <property name="PSModulePath" value="C:\Program Files\WindowsPowerShell\Modules;C:\windows\system32\WindowsPowerShell\v1.0\Modules"/>
    <property name="java.specification.version" value="11"/>
    <property name="DriverData" value="C:\Windows\System32\Drivers\DriverData"/>
    <property name="java.vendor.version" value="18.9"/>
    <property name="GIT_URL" value="https://github.com/samsul001/inetBankingV3.git"/>
  </properties>
  <testcase name="loginTest" classname="com.inetBanking.testCases.TC_001_LoginTest" time="1.559"/>
  <testcase name="loginTest1" classname="com.inetBanking.testCases.TC_001_LoginTest" time="2.969"/>
  <testcase name="loginDDT" classname="com.inetBanking.testCases.TC_002_LoginDDT" time="3.878"/>
  <testcase name="loginDDT" classname="com.inetBanking.testCases.TC_002_LoginDDT" time="3.674"/>
  <testcase name="loginDDT" classname="com.inetBanking.testCases.TC_002_LoginDDT" time="3.524"/>
  <testcase name="loginDDT" classname="com.inetBanking.testCases.TC_002_LoginDDT" time="6.045"/>
  <testcase name="loginDDT" classname="com.inetBanking.testCases.TC_002_LoginDDT" time="3.676"/>
</testsuite>