<?xml version="1.0" encoding="UTF-8"?>
<!-- Generated by org.testng.reporters.JUnitReportReporter -->
<testsuite hostname="AlamFaleela" failures="0" tests="5" name="com.inetBanking.testCases.TC_002_LoginDDT" time="22.437" errors="0" timestamp="08 Jun 2022 13:44:04 GMT" skipped="0">
  <testcase classname="com.inetBanking.testCases.TC_002_LoginDDT" name="loginDDT" time="4.208"/>
  <testcase classname="com.inetBanking.testCases.TC_002_LoginDDT" name="loginDDT" time="5.036"/>
  <testcase classname="com.inetBanking.testCases.TC_002_LoginDDT" name="loginDDT" time="4.496"/>
  <testcase classname="com.inetBanking.testCases.TC_002_LoginDDT" name="loginDDT" time="4.497"/>
  <testcase classname="com.inetBanking.testCases.TC_002_LoginDDT" name="loginDDT" time="4.200"/>
</testsuite> <!-- com.inetBanking.testCases.TC_002_LoginDDT -->
