<?xml version="1.0" encoding="UTF-8"?>
<!-- Generated by org.testng.reporters.JUnitReportReporter -->
<testsuite hostname="AlamFaleela" failures="0" tests="2" name="com.inetBanking.testCases.TC_001_LoginTest" time="4.522" errors="0" timestamp="08 Jun 2022 15:51:39 GMT" skipped="0">
  <testcase classname="com.inetBanking.testCases.TC_001_LoginTest" name="loginTest" time="1.553"/>
  <testcase classname="com.inetBanking.testCases.TC_001_LoginTest" name="loginTest1" time="2.969"/>
</testsuite> <!-- com.inetBanking.testCases.TC_001_LoginTest -->
