<?xml version="1.0" encoding="UTF-8"?>
<!-- Generated by org.testng.reporters.JUnitReportReporter -->
<testsuite hostname="AlamFaleela" failures="0" tests="5" name="com.inetBanking.testCases.TC_002_LoginDDT" time="20.799" errors="0" timestamp="08 Jun 2022 15:51:39 GMT" skipped="0">
  <testcase classname="com.inetBanking.testCases.TC_002_LoginDDT" name="loginDDT" time="6.045"/>
  <testcase classname="com.inetBanking.testCases.TC_002_LoginDDT" name="loginDDT" time="3.674"/>
  <testcase classname="com.inetBanking.testCases.TC_002_LoginDDT" name="loginDDT" time="3.676"/>
  <testcase classname="com.inetBanking.testCases.TC_002_LoginDDT" name="loginDDT" time="3.879"/>
  <testcase classname="com.inetBanking.testCases.TC_002_LoginDDT" name="loginDDT" time="3.525"/>
</testsuite> <!-- com.inetBanking.testCases.TC_002_LoginDDT -->
